This file contains any messages produced by compilers while
running configure, to aid debugging if configure makes a mistake.

It was created by mwaved configure 1.0.0, which was
generated by GNU Autoconf 2.69.  Invocation command line was

  $ ./configure 

## --------- ##
## Platform. ##
## --------- ##

hostname = justinw-XPS-15-9530
uname -m = x86_64
uname -r = 3.13.0-29-generic
uname -s = Linux
uname -v = #53-Ubuntu SMP Wed Jun 4 21:00:20 UTC 2014

/usr/bin/uname -p = unknown
/bin/uname -X     = unknown

/bin/arch              = unknown
/usr/bin/arch -k       = unknown
/usr/convex/getsysinfo = unknown
/usr/bin/hostinfo      = unknown
/bin/machine           = unknown
/usr/bin/oslevel       = unknown
/bin/universe          = unknown

PATH: /usr/local/sbin
PATH: /usr/local/bin
PATH: /usr/sbin
PATH: /usr/bin
PATH: /sbin
PATH: /bin
PATH: /usr/games
PATH: /usr/local/games


## ----------- ##
## Core tests. ##
## ----------- ##

configure:2108: checking for Rscript
configure:2124: found /usr/bin/Rscript
configure:2135: result: yes
configure:2157: Checking if FFTW3 library is available using pkg-config
configure:2214: checking for pkg-config
configure:2232: found /usr/bin/pkg-config
configure:2244: result: /usr/bin/pkg-config
configure:2269: checking pkg-config is at least version 0.9.0
configure:2272: result: yes
configure:2282: checking for FFTW
configure:2289: $PKG_CONFIG --exists --print-errors "fftw3"
configure:2292: $? = 0
configure:2306: $PKG_CONFIG --exists --print-errors "fftw3"
configure:2309: $? = 0
configure:2347: result: yes
configure:2354: result: FFTW3 found!
configure:2357: Testing all required C level functions
configure:2408: checking for gcc
configure:2424: found /usr/bin/gcc
configure:2435: result: gcc
configure:2664: checking for C compiler version
configure:2673: gcc --version >&5
gcc (Ubuntu 4.8.2-19ubuntu1) 4.8.2
Copyright (C) 2013 Free Software Foundation, Inc.
This is free software; see the source for copying conditions.  There is NO
warranty; not even for MERCHANTABILITY or FITNESS FOR A PARTICULAR PURPOSE.

configure:2684: $? = 0
configure:2673: gcc -v >&5
Using built-in specs.
COLLECT_GCC=gcc
COLLECT_LTO_WRAPPER=/usr/lib/gcc/x86_64-linux-gnu/4.8/lto-wrapper
Target: x86_64-linux-gnu
Configured with: ../src/configure -v --with-pkgversion='Ubuntu 4.8.2-19ubuntu1' --with-bugurl=file:///usr/share/doc/gcc-4.8/README.Bugs --enable-languages=c,c++,java,go,d,fortran,objc,obj-c++ --prefix=/usr --program-suffix=-4.8 --enable-shared --enable-linker-build-id --libexecdir=/usr/lib --without-included-gettext --enable-threads=posix --with-gxx-include-dir=/usr/include/c++/4.8 --libdir=/usr/lib --enable-nls --with-sysroot=/ --enable-clocale=gnu --enable-libstdcxx-debug --enable-libstdcxx-time=yes --enable-gnu-unique-object --disable-libmudflap --enable-plugin --with-system-zlib --disable-browser-plugin --enable-java-awt=gtk --enable-gtk-cairo --with-java-home=/usr/lib/jvm/java-1.5.0-gcj-4.8-amd64/jre --enable-java-home --with-jvm-root-dir=/usr/lib/jvm/java-1.5.0-gcj-4.8-amd64 --with-jvm-jar-dir=/usr/lib/jvm-exports/java-1.5.0-gcj-4.8-amd64 --with-arch-directory=amd64 --with-ecj-jar=/usr/share/java/eclipse-ecj.jar --enable-objc-gc --enable-multiarch --disable-werror --with-arch-32=i686 --with-abi=m64 --with-multilib-list=m32,m64,mx32 --with-tune=generic --enable-checking=release --build=x86_64-linux-gnu --host=x86_64-linux-gnu --target=x86_64-linux-gnu
Thread model: posix
gcc version 4.8.2 (Ubuntu 4.8.2-19ubuntu1) 
configure:2684: $? = 0
configure:2673: gcc -V >&5
gcc: error: unrecognized command line option '-V'
gcc: fatal error: no input files
compilation terminated.
configure:2684: $? = 4
configure:2673: gcc -qversion >&5
gcc: error: unrecognized command line option '-qversion'
gcc: fatal error: no input files
compilation terminated.
configure:2684: $? = 4
configure:2704: checking whether the C compiler works
configure:2726: gcc    conftest.c  >&5
configure:2730: $? = 0
configure:2778: result: yes
configure:2781: checking for C compiler default output file name
configure:2783: result: a.out
configure:2789: checking for suffix of executables
configure:2796: gcc -o conftest    conftest.c  >&5
configure:2800: $? = 0
configure:2822: result: 
configure:2844: checking whether we are cross compiling
configure:2852: gcc -o conftest    conftest.c  >&5
configure:2856: $? = 0
configure:2863: ./conftest
configure:2867: $? = 0
configure:2882: result: no
configure:2887: checking for suffix of object files
configure:2909: gcc -c   conftest.c >&5
configure:2913: $? = 0
configure:2934: result: o
configure:2938: checking whether we are using the GNU C compiler
configure:2957: gcc -c   conftest.c >&5
configure:2957: $? = 0
configure:2966: result: yes
configure:2975: checking whether gcc accepts -g
configure:2995: gcc -c -g  conftest.c >&5
configure:2995: $? = 0
configure:3036: result: yes
configure:3053: checking for gcc option to accept ISO C89
configure:3116: gcc  -c -g -O2  conftest.c >&5
configure:3116: $? = 0
configure:3129: result: none needed
configure:3152: checking for memset
configure:3152: gcc -o conftest -g -O2   conftest.c  >&5
conftest.c:32:6: warning: conflicting types for built-in function 'memset' [enabled by default]
 char memset ();
      ^
configure:3152: $? = 0
configure:3152: result: yes
configure:3167: checking how to run the C preprocessor
configure:3198: gcc -E  conftest.c
configure:3198: $? = 0
configure:3212: gcc -E  conftest.c
conftest.c:10:28: fatal error: ac_nonexistent.h: No such file or directory
 #include <ac_nonexistent.h>
                            ^
compilation terminated.
configure:3212: $? = 1
configure: failed program was:
| /* confdefs.h */
| #define PACKAGE_NAME "mwaved"
| #define PACKAGE_TARNAME "mwaved"
| #define PACKAGE_VERSION "1.0.0"
| #define PACKAGE_STRING "mwaved 1.0.0"
| #define PACKAGE_BUGREPORT ""
| #define PACKAGE_URL ""
| #define HAVE_MEMSET 1
| /* end confdefs.h.  */
| #include <ac_nonexistent.h>
configure:3237: result: gcc -E
configure:3257: gcc -E  conftest.c
configure:3257: $? = 0
configure:3271: gcc -E  conftest.c
conftest.c:10:28: fatal error: ac_nonexistent.h: No such file or directory
 #include <ac_nonexistent.h>
                            ^
compilation terminated.
configure:3271: $? = 1
configure: failed program was:
| /* confdefs.h */
| #define PACKAGE_NAME "mwaved"
| #define PACKAGE_TARNAME "mwaved"
| #define PACKAGE_VERSION "1.0.0"
| #define PACKAGE_STRING "mwaved 1.0.0"
| #define PACKAGE_BUGREPORT ""
| #define PACKAGE_URL ""
| #define HAVE_MEMSET 1
| /* end confdefs.h.  */
| #include <ac_nonexistent.h>
configure:3300: checking for grep that handles long lines and -e
configure:3358: result: /bin/grep
configure:3363: checking for egrep
configure:3425: result: /bin/grep -E
configure:3430: checking for ANSI C header files
configure:3450: gcc -c -g -O2  conftest.c >&5
configure:3450: $? = 0
configure:3523: gcc -o conftest -g -O2   conftest.c  >&5
configure:3523: $? = 0
configure:3523: ./conftest
configure:3523: $? = 0
configure:3534: result: yes
configure:3547: checking for sys/types.h
configure:3547: gcc -c -g -O2  conftest.c >&5
configure:3547: $? = 0
configure:3547: result: yes
configure:3547: checking for sys/stat.h
configure:3547: gcc -c -g -O2  conftest.c >&5
configure:3547: $? = 0
configure:3547: result: yes
configure:3547: checking for stdlib.h
configure:3547: gcc -c -g -O2  conftest.c >&5
configure:3547: $? = 0
configure:3547: result: yes
configure:3547: checking for string.h
configure:3547: gcc -c -g -O2  conftest.c >&5
configure:3547: $? = 0
configure:3547: result: yes
configure:3547: checking for memory.h
configure:3547: gcc -c -g -O2  conftest.c >&5
configure:3547: $? = 0
configure:3547: result: yes
configure:3547: checking for strings.h
configure:3547: gcc -c -g -O2  conftest.c >&5
configure:3547: $? = 0
configure:3547: result: yes
configure:3547: checking for inttypes.h
configure:3547: gcc -c -g -O2  conftest.c >&5
configure:3547: $? = 0
configure:3547: result: yes
configure:3547: checking for stdint.h
configure:3547: gcc -c -g -O2  conftest.c >&5
configure:3547: $? = 0
configure:3547: result: yes
configure:3547: checking for unistd.h
configure:3547: gcc -c -g -O2  conftest.c >&5
configure:3547: $? = 0
configure:3547: result: yes
configure:3559: checking math.h usability
configure:3559: gcc -c -g -O2  conftest.c >&5
configure:3559: $? = 0
configure:3559: result: yes
configure:3559: checking math.h presence
configure:3559: gcc -E  conftest.c
configure:3559: $? = 0
configure:3559: result: yes
configure:3559: checking for math.h
configure:3559: result: yes
configure:3565: checking for cos in -lm
configure:3590: gcc -o conftest -g -O2   conftest.c -lm   >&5
conftest.c:27:6: warning: conflicting types for built-in function 'cos' [enabled by default]
 char cos ();
      ^
configure:3590: $? = 0
configure:3599: result: yes
configure:3610: checking for sin in -lm
configure:3635: gcc -o conftest -g -O2   conftest.c -lm  -lm  >&5
conftest.c:28:6: warning: conflicting types for built-in function 'sin' [enabled by default]
 char sin ();
      ^
configure:3635: $? = 0
configure:3644: result: yes
configure:3655: checking for sqrt in -lm
configure:3680: gcc -o conftest -g -O2   conftest.c -lm  -lm -lm  >&5
conftest.c:29:6: warning: conflicting types for built-in function 'sqrt' [enabled by default]
 char sqrt ();
      ^
configure:3680: $? = 0
configure:3689: result: yes
configure:3700: checking for floor in -lm
configure:3725: gcc -o conftest -g -O2   conftest.c -lm  -lm -lm -lm  >&5
conftest.c:30:6: warning: conflicting types for built-in function 'floor' [enabled by default]
 char floor ();
      ^
configure:3725: $? = 0
configure:3734: result: yes
configure:3746: checking for fftw_malloc in -lfftw3
configure:3771: gcc -o conftest -g -O2   conftest.c -lfftw3  -lm -lm -lm -lm  >&5
configure:3771: $? = 0
configure:3780: result: yes
configure:3791: checking for fftw_free in -lfftw3
configure:3816: gcc -o conftest -g -O2   conftest.c -lfftw3  -lfftw3 -lm -lm -lm -lm  >&5
configure:3816: $? = 0
configure:3825: result: yes
configure:3836: checking for fftw_execute in -lfftw3
configure:3861: gcc -o conftest -g -O2   conftest.c -lfftw3  -lfftw3 -lfftw3 -lm -lm -lm -lm  >&5
configure:3861: $? = 0
configure:3870: result: yes
configure:3881: checking for fftw_destroy_plan in -lfftw3
configure:3906: gcc -o conftest -g -O2   conftest.c -lfftw3  -lfftw3 -lfftw3 -lfftw3 -lm -lm -lm -lm  >&5
configure:3906: $? = 0
configure:3915: result: yes
configure:3926: checking for fftw_plan_many_dft_r2c in -lfftw3
configure:3951: gcc -o conftest -g -O2   conftest.c -lfftw3  -lfftw3 -lfftw3 -lfftw3 -lfftw3 -lm -lm -lm -lm  >&5
configure:3951: $? = 0
configure:3960: result: yes
configure:3971: checking for fftw_plan_dft_c2r in -lfftw3
configure:3996: gcc -o conftest -g -O2   conftest.c -lfftw3  -lfftw3 -lfftw3 -lfftw3 -lfftw3 -lfftw3 -lm -lm -lm -lm  >&5
configure:3996: $? = 0
configure:4005: result: yes
configure:4016: checking for fftw_plan_dft_r2c_1d in -lfftw3
configure:4041: gcc -o conftest -g -O2   conftest.c -lfftw3  -lfftw3 -lfftw3 -lfftw3 -lfftw3 -lfftw3 -lfftw3 -lm -lm -lm -lm  >&5
configure:4041: $? = 0
configure:4050: result: yes
configure:4231: creating ./config.status

## ---------------------- ##
## Running config.status. ##
## ---------------------- ##

This file was extended by mwaved config.status 1.0.0, which was
generated by GNU Autoconf 2.69.  Invocation command line was

  CONFIG_FILES    = 
  CONFIG_HEADERS  = 
  CONFIG_LINKS    = 
  CONFIG_COMMANDS = 
  $ ./config.status 

on justinw-XPS-15-9530

config.status:733: creating src/Makevars

## ---------------- ##
## Cache variables. ##
## ---------------- ##

ac_cv_c_compiler_gnu=yes
ac_cv_env_CC_set=
ac_cv_env_CC_value=
ac_cv_env_CFLAGS_set=
ac_cv_env_CFLAGS_value=
ac_cv_env_CPPFLAGS_set=
ac_cv_env_CPPFLAGS_value=
ac_cv_env_CPP_set=
ac_cv_env_CPP_value=
ac_cv_env_FFTW_CFLAGS_set=
ac_cv_env_FFTW_CFLAGS_value=
ac_cv_env_FFTW_LIBS_set=
ac_cv_env_FFTW_LIBS_value=
ac_cv_env_LDFLAGS_set=
ac_cv_env_LDFLAGS_value=
ac_cv_env_LIBS_set=
ac_cv_env_LIBS_value=
ac_cv_env_PKG_CONFIG_LIBDIR_set=
ac_cv_env_PKG_CONFIG_LIBDIR_value=
ac_cv_env_PKG_CONFIG_PATH_set=
ac_cv_env_PKG_CONFIG_PATH_value=
ac_cv_env_PKG_CONFIG_set=
ac_cv_env_PKG_CONFIG_value=
ac_cv_env_build_alias_set=
ac_cv_env_build_alias_value=
ac_cv_env_host_alias_set=
ac_cv_env_host_alias_value=
ac_cv_env_target_alias_set=
ac_cv_env_target_alias_value=
ac_cv_func_memset=yes
ac_cv_header_inttypes_h=yes
ac_cv_header_math_h=yes
ac_cv_header_memory_h=yes
ac_cv_header_stdc=yes
ac_cv_header_stdint_h=yes
ac_cv_header_stdlib_h=yes
ac_cv_header_string_h=yes
ac_cv_header_strings_h=yes
ac_cv_header_sys_stat_h=yes
ac_cv_header_sys_types_h=yes
ac_cv_header_unistd_h=yes
ac_cv_lib_fftw3_fftw_destroy_plan=yes
ac_cv_lib_fftw3_fftw_execute=yes
ac_cv_lib_fftw3_fftw_free=yes
ac_cv_lib_fftw3_fftw_malloc=yes
ac_cv_lib_fftw3_fftw_plan_dft_c2r=yes
ac_cv_lib_fftw3_fftw_plan_dft_r2c_1d=yes
ac_cv_lib_fftw3_fftw_plan_many_dft_r2c=yes
ac_cv_lib_m_cos=yes
ac_cv_lib_m_floor=yes
ac_cv_lib_m_sin=yes
ac_cv_lib_m_sqrt=yes
ac_cv_objext=o
ac_cv_path_EGREP='/bin/grep -E'
ac_cv_path_GREP=/bin/grep
ac_cv_path_ac_pt_PKG_CONFIG=/usr/bin/pkg-config
ac_cv_prog_CPP='gcc -E'
ac_cv_prog_RSCRIPT=yes
ac_cv_prog_ac_ct_CC=gcc
ac_cv_prog_cc_c89=
ac_cv_prog_cc_g=yes
pkg_cv_FFTW_CFLAGS=' '
pkg_cv_FFTW_LIBS='-lfftw3  '

## ----------------- ##
## Output variables. ##
## ----------------- ##

CC='gcc'
CFLAGS='-g -O2'
CPP='gcc -E'
CPPFLAGS=''
CXXFLAGS=''
DEFS='-DPACKAGE_NAME=\"mwaved\" -DPACKAGE_TARNAME=\"mwaved\" -DPACKAGE_VERSION=\"1.0.0\" -DPACKAGE_STRING=\"mwaved\ 1.0.0\" -DPACKAGE_BUGREPORT=\"\" -DPACKAGE_URL=\"\" -DHAVE_MEMSET=1 -DSTDC_HEADERS=1 -DHAVE_SYS_TYPES_H=1 -DHAVE_SYS_STAT_H=1 -DHAVE_STDLIB_H=1 -DHAVE_STRING_H=1 -DHAVE_MEMORY_H=1 -DHAVE_STRINGS_H=1 -DHAVE_INTTYPES_H=1 -DHAVE_STDINT_H=1 -DHAVE_UNISTD_H=1 -DHAVE_LIBM=1 -DHAVE_LIBM=1 -DHAVE_LIBM=1 -DHAVE_LIBM=1 -DHAVE_LIBFFTW3=1 -DHAVE_LIBFFTW3=1 -DHAVE_LIBFFTW3=1 -DHAVE_LIBFFTW3=1 -DHAVE_LIBFFTW3=1 -DHAVE_LIBFFTW3=1 -DHAVE_LIBFFTW3=1'
ECHO_C=''
ECHO_N='-n'
ECHO_T=''
EGREP='/bin/grep -E'
EXEEXT=''
FFTW_CFLAGS=' '
FFTW_LIBS='-lfftw3  '
GREP='/bin/grep'
LDFLAGS=''
LIBOBJS=''
LIBS='-lfftw3 -lfftw3 -lfftw3 -lfftw3 -lfftw3 -lfftw3 -lfftw3 -lm -lm -lm -lm '
LTLIBOBJS=''
OBJEXT='o'
PACKAGE_BUGREPORT=''
PACKAGE_NAME='mwaved'
PACKAGE_STRING='mwaved 1.0.0'
PACKAGE_TARNAME='mwaved'
PACKAGE_URL=''
PACKAGE_VERSION='1.0.0'
PATH_SEPARATOR=':'
PKG_CONFIG='/usr/bin/pkg-config'
PKG_CONFIG_LIBDIR=''
PKG_CONFIG_PATH=''
RCPP_CXXFLAGS='-I/home/justinw/Rlibs/Rcpp/include'
RCPP_LDFLAGS=''
RSCRIPT='yes'
SHELL='/bin/bash'
ac_ct_CC='gcc'
bindir='${exec_prefix}/bin'
build_alias=''
datadir='${datarootdir}'
datarootdir='${prefix}/share'
docdir='${datarootdir}/doc/${PACKAGE_TARNAME}'
dvidir='${docdir}'
exec_prefix='${prefix}'
host_alias=''
htmldir='${docdir}'
includedir='${prefix}/include'
infodir='${datarootdir}/info'
libdir='${exec_prefix}/lib'
libexecdir='${exec_prefix}/libexec'
localedir='${datarootdir}/locale'
localstatedir='${prefix}/var'
mandir='${datarootdir}/man'
oldincludedir='/usr/include'
pdfdir='${docdir}'
prefix='/usr/local'
program_transform_name='s,x,x,'
psdir='${docdir}'
sbindir='${exec_prefix}/sbin'
sharedstatedir='${prefix}/com'
sysconfdir='${prefix}/etc'
target_alias=''

## ----------- ##
## confdefs.h. ##
## ----------- ##

/* confdefs.h */
#define PACKAGE_NAME "mwaved"
#define PACKAGE_TARNAME "mwaved"
#define PACKAGE_VERSION "1.0.0"
#define PACKAGE_STRING "mwaved 1.0.0"
#define PACKAGE_BUGREPORT ""
#define PACKAGE_URL ""
#define HAVE_MEMSET 1
#define STDC_HEADERS 1
#define HAVE_SYS_TYPES_H 1
#define HAVE_SYS_STAT_H 1
#define HAVE_STDLIB_H 1
#define HAVE_STRING_H 1
#define HAVE_MEMORY_H 1
#define HAVE_STRINGS_H 1
#define HAVE_INTTYPES_H 1
#define HAVE_STDINT_H 1
#define HAVE_UNISTD_H 1
#define HAVE_LIBM 1
#define HAVE_LIBM 1
#define HAVE_LIBM 1
#define HAVE_LIBM 1
#define HAVE_LIBFFTW3 1
#define HAVE_LIBFFTW3 1
#define HAVE_LIBFFTW3 1
#define HAVE_LIBFFTW3 1
#define HAVE_LIBFFTW3 1
#define HAVE_LIBFFTW3 1
#define HAVE_LIBFFTW3 1

configure: exit 0
